C:\Program Files (x86)\Microsoft Visual Studio\2019\Professional\MSBuild\Microsoft\VC\v160\Microsoft.CppBuild.targets(411,5): warning MSB8028: The intermediate directory (Debug\) contains files shared from another project (Pacman-DESKTOP-J6OVF3I.vcxproj).  This can lead to incorrect clean and rebuild behavior.
  Pacman.cpp
C:\Program Files (x86)\Microsoft Visual Studio\2019\Professional\VC\Tools\MSVC\14.20.27508\include\vector(1638): warning C4251: 'std::vector<S2D::Input::Keys,std::allocator<_Ty>>::_Mypair': class 'std::_Compressed_pair<std::allocator<_Ty>,std::_Vector_val<std::_Simple_types<_Ty>>,true>' needs to have dll-interface to be used by clients of class 'std::vector<S2D::Input::Keys,std::allocator<_Ty>>'
          with
          [
              _Ty=S2D::Input::Keys
          ]
  C:\Program Files (x86)\Microsoft Visual Studio\2019\Professional\VC\Tools\MSVC\14.20.27508\include\vector(1638): note: see declaration of 'std::_Compressed_pair<std::allocator<_Ty>,std::_Vector_val<std::_Simple_types<_Ty>>,true>'
          with
          [
              _Ty=S2D::Input::Keys
          ]
  E:\PacmanFramework(S2Dv1.5)\Pacman\Pacman\S2D\Input.h(108): note: see reference to class template instantiation 'std::vector<S2D::Input::Keys,std::allocator<_Ty>>' being compiled
          with
          [
              _Ty=S2D::Input::Keys
          ]
E:\PacmanFramework(S2Dv1.5)\Pacman\Pacman\Pacman.cpp(15): warning C4244: 'argument': conversion from 'time_t' to 'unsigned int', possible loss of data
E:\PacmanFramework(S2Dv1.5)\Pacman\Pacman\Pacman.cpp(213): warning C4154: deletion of an array expression; conversion to pointer supplied
E:\PacmanFramework(S2Dv1.5)\Pacman\Pacman\Pacman.cpp(221): warning C4154: deletion of an array expression; conversion to pointer supplied
E:\PacmanFramework(S2Dv1.5)\Pacman\Pacman\Pacman.cpp(229): warning C4154: deletion of an array expression; conversion to pointer supplied
E:\PacmanFramework(S2Dv1.5)\Pacman\Pacman\Pacman.cpp(237): warning C4154: deletion of an array expression; conversion to pointer supplied
E:\PacmanFramework(S2Dv1.5)\Pacman\Pacman\Pacman.cpp(253): warning C4156: deletion of an array expression without using the array form of 'delete'; array form substituted
E:\PacmanFramework(S2Dv1.5)\Pacman\Pacman\Pacman.cpp(253): warning C4154: deletion of an array expression; conversion to pointer supplied
E:\PacmanFramework(S2Dv1.5)\Pacman\Pacman\Pacman.cpp(254): warning C4156: deletion of an array expression without using the array form of 'delete'; array form substituted
E:\PacmanFramework(S2Dv1.5)\Pacman\Pacman\Pacman.cpp(254): warning C4154: deletion of an array expression; conversion to pointer supplied
E:\PacmanFramework(S2Dv1.5)\Pacman\Pacman\Pacman.cpp(255): warning C4156: deletion of an array expression without using the array form of 'delete'; array form substituted
E:\PacmanFramework(S2Dv1.5)\Pacman\Pacman\Pacman.cpp(255): warning C4154: deletion of an array expression; conversion to pointer supplied
E:\PacmanFramework(S2Dv1.5)\Pacman\Pacman\Pacman.cpp(310): warning C4244: '=': conversion from 'int' to 'float', possible loss of data
E:\PacmanFramework(S2Dv1.5)\Pacman\Pacman\Pacman.cpp(311): warning C4244: '=': conversion from 'int' to 'float', possible loss of data
E:\PacmanFramework(S2Dv1.5)\Pacman\Pacman\Pacman.cpp(319): warning C4244: '=': conversion from 'int' to 'float', possible loss of data
E:\PacmanFramework(S2Dv1.5)\Pacman\Pacman\Pacman.cpp(320): warning C4244: '=': conversion from 'int' to 'float', possible loss of data
E:\PacmanFramework(S2Dv1.5)\Pacman\Pacman\Pacman.cpp(327): warning C4244: '=': conversion from 'int' to 'float', possible loss of data
E:\PacmanFramework(S2Dv1.5)\Pacman\Pacman\Pacman.cpp(328): warning C4244: '=': conversion from 'int' to 'float', possible loss of data
E:\PacmanFramework(S2Dv1.5)\Pacman\Pacman\Pacman.cpp(334): warning C4244: '=': conversion from 'int' to 'float', possible loss of data
E:\PacmanFramework(S2Dv1.5)\Pacman\Pacman\Pacman.cpp(335): warning C4244: '=': conversion from 'int' to 'float', possible loss of data
E:\PacmanFramework(S2Dv1.5)\Pacman\Pacman\Pacman.cpp(342): warning C4244: '=': conversion from 'int' to 'float', possible loss of data
E:\PacmanFramework(S2Dv1.5)\Pacman\Pacman\Pacman.cpp(343): warning C4244: '=': conversion from 'int' to 'float', possible loss of data
E:\PacmanFramework(S2Dv1.5)\Pacman\Pacman\Pacman.cpp(350): warning C4244: '=': conversion from 'int' to 'float', possible loss of data
E:\PacmanFramework(S2Dv1.5)\Pacman\Pacman\Pacman.cpp(351): warning C4244: '=': conversion from 'int' to 'float', possible loss of data
E:\PacmanFramework(S2Dv1.5)\Pacman\Pacman\Pacman.cpp(358): warning C4244: '=': conversion from 'int' to 'float', possible loss of data
E:\PacmanFramework(S2Dv1.5)\Pacman\Pacman\Pacman.cpp(359): warning C4244: '=': conversion from 'int' to 'float', possible loss of data
E:\PacmanFramework(S2Dv1.5)\Pacman\Pacman\Pacman.cpp(366): warning C4244: '=': conversion from 'int' to 'float', possible loss of data
E:\PacmanFramework(S2Dv1.5)\Pacman\Pacman\Pacman.cpp(367): warning C4244: '=': conversion from 'int' to 'float', possible loss of data
E:\PacmanFramework(S2Dv1.5)\Pacman\Pacman\Pacman.cpp(456): warning C4244: '=': conversion from 'int' to 'float', possible loss of data
E:\PacmanFramework(S2Dv1.5)\Pacman\Pacman\Pacman.cpp(457): warning C4244: '=': conversion from 'int' to 'float', possible loss of data
E:\PacmanFramework(S2Dv1.5)\Pacman\Pacman\Pacman.cpp(669): warning C4244: '=': conversion from 'int' to 'float', possible loss of data
E:\PacmanFramework(S2Dv1.5)\Pacman\Pacman\Pacman.cpp(670): warning C4244: '=': conversion from 'int' to 'float', possible loss of data
E:\PacmanFramework(S2Dv1.5)\Pacman\Pacman\Pacman.cpp(767): warning C4244: '=': conversion from 'int' to 'float', possible loss of data
E:\PacmanFramework(S2Dv1.5)\Pacman\Pacman\Pacman.cpp(768): warning C4244: '=': conversion from 'int' to 'float', possible loss of data
E:\PacmanFramework(S2Dv1.5)\Pacman\Pacman\Pacman.cpp(781): warning C4244: 'initializing': conversion from 'float' to 'int', possible loss of data
E:\PacmanFramework(S2Dv1.5)\Pacman\Pacman\Pacman.cpp(782): warning C4244: 'initializing': conversion from 'float' to 'int', possible loss of data
E:\PacmanFramework(S2Dv1.5)\Pacman\Pacman\Pacman.cpp(783): warning C4244: 'initializing': conversion from 'float' to 'int', possible loss of data
E:\PacmanFramework(S2Dv1.5)\Pacman\Pacman\Pacman.cpp(784): warning C4244: 'initializing': conversion from 'float' to 'int', possible loss of data
E:\PacmanFramework(S2Dv1.5)\Pacman\Pacman\Pacman.cpp(790): warning C4244: '=': conversion from 'float' to 'int', possible loss of data
E:\PacmanFramework(S2Dv1.5)\Pacman\Pacman\Pacman.cpp(791): warning C4244: '=': conversion from 'float' to 'int', possible loss of data
E:\PacmanFramework(S2Dv1.5)\Pacman\Pacman\Pacman.cpp(792): warning C4244: '=': conversion from 'float' to 'int', possible loss of data
E:\PacmanFramework(S2Dv1.5)\Pacman\Pacman\Pacman.cpp(793): warning C4244: '=': conversion from 'float' to 'int', possible loss of data
E:\PacmanFramework(S2Dv1.5)\Pacman\Pacman\Pacman.cpp(846): warning C4244: 'initializing': conversion from 'float' to 'int', possible loss of data
E:\PacmanFramework(S2Dv1.5)\Pacman\Pacman\Pacman.cpp(847): warning C4244: 'initializing': conversion from 'float' to 'int', possible loss of data
E:\PacmanFramework(S2Dv1.5)\Pacman\Pacman\Pacman.cpp(848): warning C4244: 'initializing': conversion from 'float' to 'int', possible loss of data
E:\PacmanFramework(S2Dv1.5)\Pacman\Pacman\Pacman.cpp(849): warning C4244: 'initializing': conversion from 'float' to 'int', possible loss of data
E:\PacmanFramework(S2Dv1.5)\Pacman\Pacman\Pacman.cpp(855): warning C4244: '=': conversion from 'float' to 'int', possible loss of data
E:\PacmanFramework(S2Dv1.5)\Pacman\Pacman\Pacman.cpp(856): warning C4244: '=': conversion from 'float' to 'int', possible loss of data
E:\PacmanFramework(S2Dv1.5)\Pacman\Pacman\Pacman.cpp(857): warning C4244: '=': conversion from 'float' to 'int', possible loss of data
E:\PacmanFramework(S2Dv1.5)\Pacman\Pacman\Pacman.cpp(858): warning C4244: '=': conversion from 'float' to 'int', possible loss of data
E:\PacmanFramework(S2Dv1.5)\Pacman\Pacman\Pacman.cpp(882): warning C4244: 'initializing': conversion from 'float' to 'int', possible loss of data
E:\PacmanFramework(S2Dv1.5)\Pacman\Pacman\Pacman.cpp(883): warning C4244: 'initializing': conversion from 'float' to 'int', possible loss of data
E:\PacmanFramework(S2Dv1.5)\Pacman\Pacman\Pacman.cpp(884): warning C4244: 'initializing': conversion from 'float' to 'int', possible loss of data
E:\PacmanFramework(S2Dv1.5)\Pacman\Pacman\Pacman.cpp(885): warning C4244: 'initializing': conversion from 'float' to 'int', possible loss of data
E:\PacmanFramework(S2Dv1.5)\Pacman\Pacman\Pacman.cpp(891): warning C4244: '=': conversion from 'float' to 'int', possible loss of data
E:\PacmanFramework(S2Dv1.5)\Pacman\Pacman\Pacman.cpp(892): warning C4244: '=': conversion from 'float' to 'int', possible loss of data
E:\PacmanFramework(S2Dv1.5)\Pacman\Pacman\Pacman.cpp(893): warning C4244: '=': conversion from 'float' to 'int', possible loss of data
E:\PacmanFramework(S2Dv1.5)\Pacman\Pacman\Pacman.cpp(894): warning C4244: '=': conversion from 'float' to 'int', possible loss of data
E:\PacmanFramework(S2Dv1.5)\Pacman\Pacman\Pacman.cpp(931): warning C4244: 'initializing': conversion from 'float' to 'int', possible loss of data
E:\PacmanFramework(S2Dv1.5)\Pacman\Pacman\Pacman.cpp(932): warning C4244: 'initializing': conversion from 'float' to 'int', possible loss of data
E:\PacmanFramework(S2Dv1.5)\Pacman\Pacman\Pacman.cpp(933): warning C4244: 'initializing': conversion from 'float' to 'int', possible loss of data
E:\PacmanFramework(S2Dv1.5)\Pacman\Pacman\Pacman.cpp(934): warning C4244: 'initializing': conversion from 'float' to 'int', possible loss of data
E:\PacmanFramework(S2Dv1.5)\Pacman\Pacman\Pacman.cpp(940): warning C4244: '=': conversion from 'float' to 'int', possible loss of data
E:\PacmanFramework(S2Dv1.5)\Pacman\Pacman\Pacman.cpp(941): warning C4244: '=': conversion from 'float' to 'int', possible loss of data
E:\PacmanFramework(S2Dv1.5)\Pacman\Pacman\Pacman.cpp(942): warning C4244: '=': conversion from 'float' to 'int', possible loss of data
E:\PacmanFramework(S2Dv1.5)\Pacman\Pacman\Pacman.cpp(943): warning C4244: '=': conversion from 'float' to 'int', possible loss of data
E:\PacmanFramework(S2Dv1.5)\Pacman\Pacman\Pacman.cpp(994): warning C4244: 'initializing': conversion from 'float' to 'int', possible loss of data
E:\PacmanFramework(S2Dv1.5)\Pacman\Pacman\Pacman.cpp(995): warning C4244: 'initializing': conversion from 'float' to 'int', possible loss of data
E:\PacmanFramework(S2Dv1.5)\Pacman\Pacman\Pacman.cpp(996): warning C4244: 'initializing': conversion from 'float' to 'int', possible loss of data
E:\PacmanFramework(S2Dv1.5)\Pacman\Pacman\Pacman.cpp(997): warning C4244: 'initializing': conversion from 'float' to 'int', possible loss of data
E:\PacmanFramework(S2Dv1.5)\Pacman\Pacman\Pacman.cpp(1003): warning C4244: '=': conversion from 'float' to 'int', possible loss of data
E:\PacmanFramework(S2Dv1.5)\Pacman\Pacman\Pacman.cpp(1004): warning C4244: '=': conversion from 'float' to 'int', possible loss of data
E:\PacmanFramework(S2Dv1.5)\Pacman\Pacman\Pacman.cpp(1005): warning C4244: '=': conversion from 'float' to 'int', possible loss of data
E:\PacmanFramework(S2Dv1.5)\Pacman\Pacman\Pacman.cpp(1006): warning C4244: '=': conversion from 'float' to 'int', possible loss of data
  main.cpp
C:\Program Files (x86)\Microsoft Visual Studio\2019\Professional\VC\Tools\MSVC\14.20.27508\include\vector(1638): warning C4251: 'std::vector<S2D::Input::Keys,std::allocator<_Ty>>::_Mypair': class 'std::_Compressed_pair<std::allocator<_Ty>,std::_Vector_val<std::_Simple_types<_Ty>>,true>' needs to have dll-interface to be used by clients of class 'std::vector<S2D::Input::Keys,std::allocator<_Ty>>'
          with
          [
              _Ty=S2D::Input::Keys
          ]
  C:\Program Files (x86)\Microsoft Visual Studio\2019\Professional\VC\Tools\MSVC\14.20.27508\include\vector(1638): note: see declaration of 'std::_Compressed_pair<std::allocator<_Ty>,std::_Vector_val<std::_Simple_types<_Ty>>,true>'
          with
          [
              _Ty=S2D::Input::Keys
          ]
  E:\PacmanFramework(S2Dv1.5)\Pacman\Pacman\S2D\Input.h(108): note: see reference to class template instantiation 'std::vector<S2D::Input::Keys,std::allocator<_Ty>>' being compiled
          with
          [
              _Ty=S2D::Input::Keys
          ]
  Generating Code...
  Pacman.vcxproj -> E:\PacmanFramework(S2Dv1.5)\Pacman\Debug\Pacman.exe
